2019-03-24 00:54:38,099 [Worker-4: Loading available Gradle versions] INFO  o.e.b.c.i.u.g.PublishedGradleVersions - Gradle version information cache is up-to-date. Trying to read.
2019-03-24 01:02:03,144 [Worker-18: Enabling Maven Dependency Management] INFO  o.e.m.c.i.l.LifecycleMappingFactory - Using org.maven.ide.eclipse.wtp.WarLifecycleMapping lifecycle mapping for MavenProject: br.com.treinaweb:treinaweb-spring-mvc:0.0.1-SNAPSHOT @ /home/alexandre/Documentos/cursos/TreinaWeb/javaMVC/treinoMVC3/TreinaWebSpringMVC/pom.xml.
2019-03-24 01:02:06,598 [Worker-22: Building workspace] WARN  o.e.m.c.i.embedder.EclipseLogger - Using platform encoding (UTF-8 actually) to copy filtered resources, i.e. build is platform dependent!
2019-03-24 01:02:06,602 [Worker-22: Building workspace] INFO  o.e.m.c.i.embedder.EclipseLogger - skip non existing resourceDirectory /home/alexandre/Documentos/cursos/TreinaWeb/javaMVC/treinoMVC3/TreinaWebSpringMVC/src/main/resources
2019-03-24 01:02:06,619 [Worker-22: Building workspace] WARN  o.e.m.c.i.embedder.EclipseLogger - Using platform encoding (UTF-8 actually) to copy filtered resources, i.e. build is platform dependent!
2019-03-24 01:02:06,620 [Worker-22: Building workspace] INFO  o.e.m.c.i.embedder.EclipseLogger - skip non existing resourceDirectory /home/alexandre/Documentos/cursos/TreinaWeb/javaMVC/treinoMVC3/TreinaWebSpringMVC/src/test/resources
2019-03-24 01:02:06,726 [Worker-18: Enabling Maven Dependency Management] INFO  o.e.m.j.i.AbstractJavaProjectConfigurator - Adding source folder /TreinaWebSpringMVC/src
2019-03-24 01:02:06,733 [Worker-18: Enabling Maven Dependency Management] INFO  o.e.m.j.i.AbstractJavaProjectConfigurator - Not adding source folder /TreinaWebSpringMVC/src/test/java because it overlaps with /TreinaWebSpringMVC/src
2019-03-24 01:02:07,812 [Worker-18: Enabling Maven Dependency Management] INFO  o.e.m.c.i.p.ProjectConfigurationManager - Update started
2019-03-24 01:02:08,557 [Worker-18: Enabling Maven Dependency Management] INFO  o.e.m.c.i.l.LifecycleMappingFactory - Using org.maven.ide.eclipse.wtp.WarLifecycleMapping lifecycle mapping for MavenProject: br.com.treinaweb:treinaweb-spring-mvc:0.0.1-SNAPSHOT @ /home/alexandre/Documentos/cursos/TreinaWeb/javaMVC/treinoMVC3/TreinaWebSpringMVC/pom.xml.
2019-03-24 01:02:10,426 [Worker-23: Building workspace] WARN  o.e.m.c.i.embedder.EclipseLogger - Using platform encoding (UTF-8 actually) to copy filtered resources, i.e. build is platform dependent!
2019-03-24 01:02:10,442 [Worker-23: Building workspace] INFO  o.e.m.c.i.embedder.EclipseLogger - skip non existing resourceDirectory /home/alexandre/Documentos/cursos/TreinaWeb/javaMVC/treinoMVC3/TreinaWebSpringMVC/src/main/resources
2019-03-24 01:02:10,453 [Worker-23: Building workspace] WARN  o.e.m.c.i.embedder.EclipseLogger - Using platform encoding (UTF-8 actually) to copy filtered resources, i.e. build is platform dependent!
2019-03-24 01:02:10,454 [Worker-23: Building workspace] INFO  o.e.m.c.i.embedder.EclipseLogger - skip non existing resourceDirectory /home/alexandre/Documentos/cursos/TreinaWeb/javaMVC/treinoMVC3/TreinaWebSpringMVC/src/test/resources
2019-03-24 01:02:10,461 [Worker-23: Building workspace] INFO  o.e.m.w.i.f.ResourceFilteringBuildParticipant - Changed resources require a complete clean of filtered resources of TreinaWebSpringMVC
2019-03-24 01:02:10,472 [Worker-23: Building workspace] INFO  o.e.m.w.i.f.ResourceFilteringBuildParticipant - Executing resource filtering for TreinaWebSpringMVC
2019-03-24 01:02:10,513 [Worker-23: Building workspace] WARN  o.e.m.c.i.embedder.EclipseLogger - The POM for org.apache.maven.plugins:maven-clean-plugin:jar:2.5 is missing, no dependency information available
2019-03-24 01:02:10,552 [Worker-23: Building workspace] WARN  o.e.m.c.i.embedder.EclipseLogger - Using platform encoding (UTF-8 actually) to copy filtered resources, i.e. build is platform dependent!
2019-03-24 01:02:10,666 [Worker-18: Enabling Maven Dependency Management] INFO  o.e.m.j.i.AbstractJavaProjectConfigurator - Adding source folder /TreinaWebSpringMVC/src
2019-03-24 01:02:10,667 [Worker-18: Enabling Maven Dependency Management] INFO  o.e.m.j.i.AbstractJavaProjectConfigurator - Not adding source folder /TreinaWebSpringMVC/src/test/java because it overlaps with /TreinaWebSpringMVC/src
2019-03-24 01:02:11,412 [Worker-18: Enabling Maven Dependency Management] INFO  o.e.m.w.i.f.ResourceFilteringBuildParticipant - Cleaning filtered folder for TreinaWebSpringMVC
2019-03-24 01:02:11,486 [Worker-18: Enabling Maven Dependency Management] INFO  o.e.m.c.i.p.ProjectConfigurationManager - Update completed: 3 sec
2019-03-24 01:02:11,726 [Worker-27: Building workspace] WARN  o.e.m.c.i.embedder.EclipseLogger - Using platform encoding (UTF-8 actually) to copy filtered resources, i.e. build is platform dependent!
2019-03-24 01:02:11,727 [Worker-27: Building workspace] INFO  o.e.m.c.i.embedder.EclipseLogger - skip non existing resourceDirectory /home/alexandre/Documentos/cursos/TreinaWeb/javaMVC/treinoMVC3/TreinaWebSpringMVC/src/main/resources
2019-03-24 01:02:11,740 [Worker-27: Building workspace] WARN  o.e.m.c.i.embedder.EclipseLogger - Using platform encoding (UTF-8 actually) to copy filtered resources, i.e. build is platform dependent!
2019-03-24 01:02:11,741 [Worker-27: Building workspace] INFO  o.e.m.c.i.embedder.EclipseLogger - skip non existing resourceDirectory /home/alexandre/Documentos/cursos/TreinaWeb/javaMVC/treinoMVC3/TreinaWebSpringMVC/src/test/resources
2019-03-24 01:02:11,742 [Worker-27: Building workspace] INFO  o.e.m.w.i.f.ResourceFilteringBuildParticipant - Changed resources require a complete clean of filtered resources of TreinaWebSpringMVC
2019-03-24 01:02:11,742 [Worker-27: Building workspace] INFO  o.e.m.w.i.f.ResourceFilteringBuildParticipant - Executing resource filtering for TreinaWebSpringMVC
2019-03-24 01:02:11,757 [Worker-27: Building workspace] WARN  o.e.m.c.i.embedder.EclipseLogger - Using platform encoding (UTF-8 actually) to copy filtered resources, i.e. build is platform dependent!
2019-03-24 01:05:24,461 [Worker-27: Building workspace] INFO  o.e.m.c.i.l.LifecycleMappingFactory - Using org.maven.ide.eclipse.wtp.WarLifecycleMapping lifecycle mapping for MavenProject: br.com.treinaweb:treinaweb-spring-mvc:0.0.1-SNAPSHOT @ /home/alexandre/Documentos/cursos/TreinaWeb/javaMVC/treinoMVC3/TreinaWebSpringMVC/pom.xml.
2019-03-24 01:05:26,039 [Worker-27: Building workspace] WARN  o.e.m.c.i.embedder.EclipseLogger - Using platform encoding (UTF-8 actually) to copy filtered resources, i.e. build is platform dependent!
2019-03-24 01:05:26,040 [Worker-27: Building workspace] INFO  o.e.m.c.i.embedder.EclipseLogger - skip non existing resourceDirectory /home/alexandre/Documentos/cursos/TreinaWeb/javaMVC/treinoMVC3/TreinaWebSpringMVC/src/main/resources
2019-03-24 01:05:26,044 [Worker-27: Building workspace] WARN  o.e.m.c.i.embedder.EclipseLogger - Using platform encoding (UTF-8 actually) to copy filtered resources, i.e. build is platform dependent!
2019-03-24 01:05:26,045 [Worker-27: Building workspace] INFO  o.e.m.c.i.embedder.EclipseLogger - skip non existing resourceDirectory /home/alexandre/Documentos/cursos/TreinaWeb/javaMVC/treinoMVC3/TreinaWebSpringMVC/src/test/resources
2019-03-24 01:05:26,046 [Worker-27: Building workspace] INFO  o.e.m.w.i.f.ResourceFilteringBuildParticipant - Changed resources require a complete clean of filtered resources of TreinaWebSpringMVC
2019-03-24 01:05:26,046 [Worker-27: Building workspace] INFO  o.e.m.w.i.f.ResourceFilteringBuildParticipant - Executing resource filtering for TreinaWebSpringMVC
2019-03-24 01:05:26,053 [Worker-27: Building workspace] WARN  o.e.m.c.i.embedder.EclipseLogger - Using platform encoding (UTF-8 actually) to copy filtered resources, i.e. build is platform dependent!
2019-03-24 01:05:59,295 [Worker-22: Updating Maven Project] INFO  o.e.m.c.i.p.ProjectConfigurationManager - Update started
2019-03-24 01:05:59,850 [Worker-22: Updating Maven Project] INFO  o.e.m.c.i.l.LifecycleMappingFactory - Using org.maven.ide.eclipse.wtp.WarLifecycleMapping lifecycle mapping for MavenProject: br.com.treinaweb:treinaweb-spring-mvc:0.0.1-SNAPSHOT @ /home/alexandre/Documentos/cursos/TreinaWeb/javaMVC/treinoMVC3/TreinaWebSpringMVC/pom.xml.
2019-03-24 01:06:01,041 [Worker-22: Updating Maven Project] INFO  o.e.m.j.i.AbstractJavaProjectConfigurator - Adding source folder /TreinaWebSpringMVC/src
2019-03-24 01:06:01,042 [Worker-22: Updating Maven Project] INFO  o.e.m.j.i.AbstractJavaProjectConfigurator - Not adding source folder /TreinaWebSpringMVC/src/test/java because it overlaps with /TreinaWebSpringMVC/src
2019-03-24 01:06:01,516 [Worker-22: Updating Maven Project] INFO  o.e.m.w.i.f.ResourceFilteringBuildParticipant - Cleaning filtered folder for TreinaWebSpringMVC
2019-03-24 01:06:01,529 [Worker-22: Updating Maven Project] INFO  o.e.m.c.i.p.ProjectConfigurationManager - Update completed: 2 sec
2019-03-24 01:06:01,958 [Worker-29: Building workspace] WARN  o.e.m.c.i.embedder.EclipseLogger - Using platform encoding (UTF-8 actually) to copy filtered resources, i.e. build is platform dependent!
2019-03-24 01:06:01,960 [Worker-29: Building workspace] INFO  o.e.m.c.i.embedder.EclipseLogger - skip non existing resourceDirectory /home/alexandre/Documentos/cursos/TreinaWeb/javaMVC/treinoMVC3/TreinaWebSpringMVC/src/main/resources
2019-03-24 01:06:01,970 [Worker-29: Building workspace] WARN  o.e.m.c.i.embedder.EclipseLogger - Using platform encoding (UTF-8 actually) to copy filtered resources, i.e. build is platform dependent!
2019-03-24 01:06:01,971 [Worker-29: Building workspace] INFO  o.e.m.c.i.embedder.EclipseLogger - skip non existing resourceDirectory /home/alexandre/Documentos/cursos/TreinaWeb/javaMVC/treinoMVC3/TreinaWebSpringMVC/src/test/resources
2019-03-24 01:06:01,972 [Worker-29: Building workspace] INFO  o.e.m.w.i.f.ResourceFilteringBuildParticipant - Changed resources require a complete clean of filtered resources of TreinaWebSpringMVC
2019-03-24 01:06:01,972 [Worker-29: Building workspace] INFO  o.e.m.w.i.f.ResourceFilteringBuildParticipant - Executing resource filtering for TreinaWebSpringMVC
2019-03-24 01:06:01,995 [Worker-29: Building workspace] WARN  o.e.m.c.i.embedder.EclipseLogger - Using platform encoding (UTF-8 actually) to copy filtered resources, i.e. build is platform dependent!
2019-03-24 01:08:35,881 [Worker-18: Building workspace] WARN  o.e.m.c.i.embedder.EclipseLogger - Using platform encoding (UTF-8 actually) to copy filtered resources, i.e. build is platform dependent!
2019-03-24 01:08:35,886 [Worker-18: Building workspace] INFO  o.e.m.c.i.embedder.EclipseLogger - skip non existing resourceDirectory /home/alexandre/Documentos/cursos/TreinaWeb/javaMVC/treinoMVC3/TreinaWebSpringMVC/src/main/resources
2019-03-24 01:08:35,895 [Worker-18: Building workspace] WARN  o.e.m.c.i.embedder.EclipseLogger - Using platform encoding (UTF-8 actually) to copy filtered resources, i.e. build is platform dependent!
2019-03-24 01:08:35,897 [Worker-18: Building workspace] INFO  o.e.m.c.i.embedder.EclipseLogger - skip non existing resourceDirectory /home/alexandre/Documentos/cursos/TreinaWeb/javaMVC/treinoMVC3/TreinaWebSpringMVC/src/test/resources
2019-03-24 01:10:34,605 [Worker-32: Building workspace] WARN  o.e.m.c.i.embedder.EclipseLogger - Using platform encoding (UTF-8 actually) to copy filtered resources, i.e. build is platform dependent!
2019-03-24 01:10:34,606 [Worker-32: Building workspace] INFO  o.e.m.c.i.embedder.EclipseLogger - skip non existing resourceDirectory /home/alexandre/Documentos/cursos/TreinaWeb/javaMVC/treinoMVC3/TreinaWebSpringMVC/src/main/resources
2019-03-24 01:10:34,610 [Worker-32: Building workspace] WARN  o.e.m.c.i.embedder.EclipseLogger - Using platform encoding (UTF-8 actually) to copy filtered resources, i.e. build is platform dependent!
2019-03-24 01:10:34,611 [Worker-32: Building workspace] INFO  o.e.m.c.i.embedder.EclipseLogger - skip non existing resourceDirectory /home/alexandre/Documentos/cursos/TreinaWeb/javaMVC/treinoMVC3/TreinaWebSpringMVC/src/test/resources
2019-03-24 01:10:42,998 [Worker-27: Building workspace] WARN  o.e.m.c.i.embedder.EclipseLogger - Using platform encoding (UTF-8 actually) to copy filtered resources, i.e. build is platform dependent!
2019-03-24 01:10:43,002 [Worker-27: Building workspace] INFO  o.e.m.c.i.embedder.EclipseLogger - skip non existing resourceDirectory /home/alexandre/Documentos/cursos/TreinaWeb/javaMVC/treinoMVC3/TreinaWebSpringMVC/src/main/resources
2019-03-24 01:10:43,005 [Worker-27: Building workspace] WARN  o.e.m.c.i.embedder.EclipseLogger - Using platform encoding (UTF-8 actually) to copy filtered resources, i.e. build is platform dependent!
2019-03-24 01:10:43,007 [Worker-27: Building workspace] INFO  o.e.m.c.i.embedder.EclipseLogger - skip non existing resourceDirectory /home/alexandre/Documentos/cursos/TreinaWeb/javaMVC/treinoMVC3/TreinaWebSpringMVC/src/test/resources
2019-03-24 01:17:07,574 [Worker-31: Building workspace] WARN  o.e.m.c.i.embedder.EclipseLogger - Using platform encoding (UTF-8 actually) to copy filtered resources, i.e. build is platform dependent!
2019-03-24 01:17:07,575 [Worker-31: Building workspace] INFO  o.e.m.c.i.embedder.EclipseLogger - skip non existing resourceDirectory /home/alexandre/Documentos/cursos/TreinaWeb/javaMVC/treinoMVC3/TreinaWebSpringMVC/src/main/resources
2019-03-24 01:17:07,577 [Worker-31: Building workspace] WARN  o.e.m.c.i.embedder.EclipseLogger - Using platform encoding (UTF-8 actually) to copy filtered resources, i.e. build is platform dependent!
2019-03-24 01:17:07,578 [Worker-31: Building workspace] INFO  o.e.m.c.i.embedder.EclipseLogger - skip non existing resourceDirectory /home/alexandre/Documentos/cursos/TreinaWeb/javaMVC/treinoMVC3/TreinaWebSpringMVC/src/test/resources
2019-03-24 01:25:11,215 [Worker-32: Building workspace] WARN  o.e.m.c.i.embedder.EclipseLogger - Using platform encoding (UTF-8 actually) to copy filtered resources, i.e. build is platform dependent!
2019-03-24 01:25:11,217 [Worker-32: Building workspace] INFO  o.e.m.c.i.embedder.EclipseLogger - skip non existing resourceDirectory /home/alexandre/Documentos/cursos/TreinaWeb/javaMVC/treinoMVC3/TreinaWebSpringMVC/src/main/resources
2019-03-24 01:25:11,219 [Worker-32: Building workspace] WARN  o.e.m.c.i.embedder.EclipseLogger - Using platform encoding (UTF-8 actually) to copy filtered resources, i.e. build is platform dependent!
2019-03-24 01:25:11,220 [Worker-32: Building workspace] INFO  o.e.m.c.i.embedder.EclipseLogger - skip non existing resourceDirectory /home/alexandre/Documentos/cursos/TreinaWeb/javaMVC/treinoMVC3/TreinaWebSpringMVC/src/test/resources
2019-03-24 01:27:30,632 [Worker-32: Building workspace] WARN  o.e.m.c.i.embedder.EclipseLogger - Using platform encoding (UTF-8 actually) to copy filtered resources, i.e. build is platform dependent!
2019-03-24 01:27:30,634 [Worker-32: Building workspace] INFO  o.e.m.c.i.embedder.EclipseLogger - skip non existing resourceDirectory /home/alexandre/Documentos/cursos/TreinaWeb/javaMVC/treinoMVC3/TreinaWebSpringMVC/src/main/resources
2019-03-24 01:27:30,637 [Worker-32: Building workspace] WARN  o.e.m.c.i.embedder.EclipseLogger - Using platform encoding (UTF-8 actually) to copy filtered resources, i.e. build is platform dependent!
2019-03-24 01:27:30,646 [Worker-32: Building workspace] INFO  o.e.m.c.i.embedder.EclipseLogger - skip non existing resourceDirectory /home/alexandre/Documentos/cursos/TreinaWeb/javaMVC/treinoMVC3/TreinaWebSpringMVC/src/test/resources
2019-03-24 01:28:17,839 [Worker-31: Building workspace] WARN  o.e.m.c.i.embedder.EclipseLogger - Using platform encoding (UTF-8 actually) to copy filtered resources, i.e. build is platform dependent!
2019-03-24 01:28:17,840 [Worker-31: Building workspace] INFO  o.e.m.c.i.embedder.EclipseLogger - skip non existing resourceDirectory /home/alexandre/Documentos/cursos/TreinaWeb/javaMVC/treinoMVC3/TreinaWebSpringMVC/src/main/resources
2019-03-24 01:28:17,845 [Worker-31: Building workspace] WARN  o.e.m.c.i.embedder.EclipseLogger - Using platform encoding (UTF-8 actually) to copy filtered resources, i.e. build is platform dependent!
2019-03-24 01:28:17,846 [Worker-31: Building workspace] INFO  o.e.m.c.i.embedder.EclipseLogger - skip non existing resourceDirectory /home/alexandre/Documentos/cursos/TreinaWeb/javaMVC/treinoMVC3/TreinaWebSpringMVC/src/test/resources
2019-03-24 01:33:33,250 [Worker-31: Building workspace] WARN  o.e.m.c.i.embedder.EclipseLogger - Using platform encoding (UTF-8 actually) to copy filtered resources, i.e. build is platform dependent!
2019-03-24 01:33:33,251 [Worker-31: Building workspace] INFO  o.e.m.c.i.embedder.EclipseLogger - skip non existing resourceDirectory /home/alexandre/Documentos/cursos/TreinaWeb/javaMVC/treinoMVC3/TreinaWebSpringMVC/src/main/resources
2019-03-24 01:33:33,259 [Worker-31: Building workspace] WARN  o.e.m.c.i.embedder.EclipseLogger - Using platform encoding (UTF-8 actually) to copy filtered resources, i.e. build is platform dependent!
2019-03-24 01:33:33,260 [Worker-31: Building workspace] INFO  o.e.m.c.i.embedder.EclipseLogger - skip non existing resourceDirectory /home/alexandre/Documentos/cursos/TreinaWeb/javaMVC/treinoMVC3/TreinaWebSpringMVC/src/test/resources
2019-03-24 01:33:57,154 [Worker-31: Building workspace] WARN  o.e.m.c.i.embedder.EclipseLogger - Using platform encoding (UTF-8 actually) to copy filtered resources, i.e. build is platform dependent!
2019-03-24 01:33:57,155 [Worker-31: Building workspace] INFO  o.e.m.c.i.embedder.EclipseLogger - skip non existing resourceDirectory /home/alexandre/Documentos/cursos/TreinaWeb/javaMVC/treinoMVC3/TreinaWebSpringMVC/src/main/resources
2019-03-24 01:33:57,157 [Worker-31: Building workspace] WARN  o.e.m.c.i.embedder.EclipseLogger - Using platform encoding (UTF-8 actually) to copy filtered resources, i.e. build is platform dependent!
2019-03-24 01:33:57,159 [Worker-31: Building workspace] INFO  o.e.m.c.i.embedder.EclipseLogger - skip non existing resourceDirectory /home/alexandre/Documentos/cursos/TreinaWeb/javaMVC/treinoMVC3/TreinaWebSpringMVC/src/test/resources
2019-03-24 01:34:26,017 [Worker-33: Building workspace] WARN  o.e.m.c.i.embedder.EclipseLogger - Using platform encoding (UTF-8 actually) to copy filtered resources, i.e. build is platform dependent!
2019-03-24 01:34:26,018 [Worker-33: Building workspace] INFO  o.e.m.c.i.embedder.EclipseLogger - skip non existing resourceDirectory /home/alexandre/Documentos/cursos/TreinaWeb/javaMVC/treinoMVC3/TreinaWebSpringMVC/src/main/resources
2019-03-24 01:34:26,021 [Worker-33: Building workspace] WARN  o.e.m.c.i.embedder.EclipseLogger - Using platform encoding (UTF-8 actually) to copy filtered resources, i.e. build is platform dependent!
2019-03-24 01:34:26,022 [Worker-33: Building workspace] INFO  o.e.m.c.i.embedder.EclipseLogger - skip non existing resourceDirectory /home/alexandre/Documentos/cursos/TreinaWeb/javaMVC/treinoMVC3/TreinaWebSpringMVC/src/test/resources
2019-03-24 01:34:47,982 [Worker-33: Building workspace] WARN  o.e.m.c.i.embedder.EclipseLogger - Using platform encoding (UTF-8 actually) to copy filtered resources, i.e. build is platform dependent!
2019-03-24 01:34:47,984 [Worker-33: Building workspace] INFO  o.e.m.c.i.embedder.EclipseLogger - skip non existing resourceDirectory /home/alexandre/Documentos/cursos/TreinaWeb/javaMVC/treinoMVC3/TreinaWebSpringMVC/src/main/resources
2019-03-24 01:34:47,993 [Worker-33: Building workspace] WARN  o.e.m.c.i.embedder.EclipseLogger - Using platform encoding (UTF-8 actually) to copy filtered resources, i.e. build is platform dependent!
2019-03-24 01:34:47,994 [Worker-33: Building workspace] INFO  o.e.m.c.i.embedder.EclipseLogger - skip non existing resourceDirectory /home/alexandre/Documentos/cursos/TreinaWeb/javaMVC/treinoMVC3/TreinaWebSpringMVC/src/test/resources
2019-03-24 01:46:15,176 [Worker-32: Building workspace] INFO  o.e.m.c.i.l.LifecycleMappingFactory - Using org.maven.ide.eclipse.wtp.WarLifecycleMapping lifecycle mapping for MavenProject: br.com.treinaweb:TreinaWebSpringMVC:0.0.1-SNAPSHOT @ /home/alexandre/Documentos/cursos/TreinaWeb/javaMVC/treinoMVC3/TreinaWebSpringMVC/pom.xml.
2019-03-24 01:46:16,869 [Worker-32: Building workspace] WARN  o.e.m.c.i.embedder.EclipseLogger - Using platform encoding (UTF-8 actually) to copy filtered resources, i.e. build is platform dependent!
2019-03-24 01:46:16,878 [Worker-32: Building workspace] INFO  o.e.m.c.i.embedder.EclipseLogger - skip non existing resourceDirectory /home/alexandre/Documentos/cursos/TreinaWeb/javaMVC/treinoMVC3/TreinaWebSpringMVC/src/main/resources
2019-03-24 01:46:16,885 [Worker-32: Building workspace] WARN  o.e.m.c.i.embedder.EclipseLogger - Using platform encoding (UTF-8 actually) to copy filtered resources, i.e. build is platform dependent!
2019-03-24 01:46:16,888 [Worker-32: Building workspace] INFO  o.e.m.c.i.embedder.EclipseLogger - skip non existing resourceDirectory /home/alexandre/Documentos/cursos/TreinaWeb/javaMVC/treinoMVC3/TreinaWebSpringMVC/src/test/resources
2019-03-24 01:46:16,890 [Worker-32: Building workspace] INFO  o.e.m.w.i.f.ResourceFilteringBuildParticipant - Changed resources require a complete clean of filtered resources of TreinaWebSpringMVC
2019-03-24 01:46:16,890 [Worker-32: Building workspace] INFO  o.e.m.w.i.f.ResourceFilteringBuildParticipant - Executing resource filtering for TreinaWebSpringMVC
2019-03-24 01:46:16,928 [Worker-32: Building workspace] WARN  o.e.m.c.i.embedder.EclipseLogger - Using platform encoding (UTF-8 actually) to copy filtered resources, i.e. build is platform dependent!
2019-03-24 01:46:57,261 [Worker-33: Cleaning all projects] INFO  o.e.m.w.i.f.ResourceFilteringBuildParticipant - Cleaning filtered folder for TreinaWebSpringMVC
2019-03-24 01:46:57,842 [Worker-33: Building workspace] WARN  o.e.m.c.i.embedder.EclipseLogger - Using platform encoding (UTF-8 actually) to copy filtered resources, i.e. build is platform dependent!
2019-03-24 01:46:57,843 [Worker-33: Building workspace] INFO  o.e.m.c.i.embedder.EclipseLogger - skip non existing resourceDirectory /home/alexandre/Documentos/cursos/TreinaWeb/javaMVC/treinoMVC3/TreinaWebSpringMVC/src/main/resources
2019-03-24 01:46:57,846 [Worker-33: Building workspace] WARN  o.e.m.c.i.embedder.EclipseLogger - Using platform encoding (UTF-8 actually) to copy filtered resources, i.e. build is platform dependent!
2019-03-24 01:46:57,847 [Worker-33: Building workspace] INFO  o.e.m.c.i.embedder.EclipseLogger - skip non existing resourceDirectory /home/alexandre/Documentos/cursos/TreinaWeb/javaMVC/treinoMVC3/TreinaWebSpringMVC/src/test/resources
2019-03-24 01:46:57,848 [Worker-33: Building workspace] INFO  o.e.m.w.i.f.ResourceFilteringBuildParticipant - Changed resources require a complete clean of filtered resources of TreinaWebSpringMVC
2019-03-24 01:46:57,848 [Worker-33: Building workspace] INFO  o.e.m.w.i.f.ResourceFilteringBuildParticipant - Executing resource filtering for TreinaWebSpringMVC
2019-03-24 01:46:57,856 [Worker-33: Building workspace] WARN  o.e.m.c.i.embedder.EclipseLogger - Using platform encoding (UTF-8 actually) to copy filtered resources, i.e. build is platform dependent!
2019-03-24 01:50:49,804 [Worker-33: Building workspace] WARN  o.e.m.c.i.embedder.EclipseLogger - Using platform encoding (UTF-8 actually) to copy filtered resources, i.e. build is platform dependent!
2019-03-24 01:50:49,805 [Worker-33: Building workspace] INFO  o.e.m.c.i.embedder.EclipseLogger - skip non existing resourceDirectory /home/alexandre/Documentos/cursos/TreinaWeb/javaMVC/treinoMVC3/TreinaWebSpringMVC/src/main/resources
2019-03-24 01:50:49,807 [Worker-33: Building workspace] WARN  o.e.m.c.i.embedder.EclipseLogger - Using platform encoding (UTF-8 actually) to copy filtered resources, i.e. build is platform dependent!
2019-03-24 01:50:49,808 [Worker-33: Building workspace] INFO  o.e.m.c.i.embedder.EclipseLogger - skip non existing resourceDirectory /home/alexandre/Documentos/cursos/TreinaWeb/javaMVC/treinoMVC3/TreinaWebSpringMVC/src/test/resources
2019-03-24 01:51:17,826 [Worker-40: Building workspace] WARN  o.e.m.c.i.embedder.EclipseLogger - Using platform encoding (UTF-8 actually) to copy filtered resources, i.e. build is platform dependent!
2019-03-24 01:51:17,827 [Worker-40: Building workspace] INFO  o.e.m.c.i.embedder.EclipseLogger - skip non existing resourceDirectory /home/alexandre/Documentos/cursos/TreinaWeb/javaMVC/treinoMVC3/TreinaWebSpringMVC/src/main/resources
2019-03-24 01:51:17,837 [Worker-40: Building workspace] WARN  o.e.m.c.i.embedder.EclipseLogger - Using platform encoding (UTF-8 actually) to copy filtered resources, i.e. build is platform dependent!
2019-03-24 01:51:17,838 [Worker-40: Building workspace] INFO  o.e.m.c.i.embedder.EclipseLogger - skip non existing resourceDirectory /home/alexandre/Documentos/cursos/TreinaWeb/javaMVC/treinoMVC3/TreinaWebSpringMVC/src/test/resources
